TN:
SF:src\controllers\GameController.ts
FN:7,(anonymous_0)
FN:9,(anonymous_1)
FN:14,(anonymous_2)
FN:23,(anonymous_3)
FN:33,(anonymous_4)
FN:48,(anonymous_5)
FNF:6
FNH:6
FNDA:13,(anonymous_0)
FNDA:2,(anonymous_1)
FNDA:2,(anonymous_2)
FNDA:1,(anonymous_3)
FNDA:2,(anonymous_4)
FNDA:2,(anonymous_5)
DA:6,1
DA:7,13
DA:10,2
DA:11,2
DA:15,2
DA:16,2
DA:17,1
DA:18,1
DA:20,1
DA:24,1
DA:29,1
DA:30,1
DA:34,2
DA:35,2
DA:36,2
DA:37,2
DA:38,2
DA:40,2
DA:41,2
DA:42,1
DA:43,1
DA:45,1
DA:49,2
DA:50,2
DA:51,1
DA:52,1
DA:54,1
LF:27
LH:27
BRDA:16,0,0,1
BRDA:36,1,0,0
BRDA:37,2,0,1
BRDA:38,3,0,2
BRDA:41,4,0,1
BRDA:50,5,0,1
BRF:6
BRH:5
end_of_record
TN:
SF:src\controllers\HealthController.ts
FN:5,(anonymous_0)
FN:7,(anonymous_1)
FNF:2
FNH:2
FNDA:3,(anonymous_0)
FNDA:3,(anonymous_1)
DA:4,1
DA:5,3
DA:8,3
DA:9,2
DA:10,1
DA:11,1
DA:13,1
LF:7
LH:7
BRDA:9,0,0,1
BRF:1
BRH:1
end_of_record
TN:
SF:src\controllers\ScoreController.ts
FN:5,(anonymous_0)
FN:7,(anonymous_1)
FN:16,(anonymous_2)
FNF:3
FNH:3
FNDA:7,(anonymous_0)
FNDA:2,(anonymous_1)
FNDA:2,(anonymous_2)
DA:4,1
DA:5,7
DA:8,2
DA:9,2
DA:10,1
DA:11,1
DA:13,1
DA:17,2
DA:18,2
DA:19,2
LF:10
LH:10
BRDA:9,0,0,1
BRF:1
BRH:1
end_of_record
TN:
SF:src\domain\Game.ts
FN:10,(anonymous_0)
FNF:1
FNH:1
FNDA:29,(anonymous_0)
DA:9,1
DA:11,29
DA:12,29
DA:13,29
DA:14,29
DA:15,29
DA:16,29
LF:7
LH:7
BRF:0
BRH:0
end_of_record
TN:
SF:src\domain\Score.ts
FN:2,(anonymous_0)
FNF:1
FNH:1
FNDA:14,(anonymous_0)
DA:1,1
DA:3,14
DA:4,14
DA:5,14
LF:4
LH:4
BRF:0
BRH:0
end_of_record
TN:
SF:src\middleware\asyncHandler.ts
FN:5,asyncHandler
FN:6,(anonymous_1)
FNF:2
FNH:2
FNDA:82,asyncHandler
FNDA:16,(anonymous_1)
DA:5,3
DA:6,82
DA:7,16
LF:3
LH:3
BRF:0
BRH:0
end_of_record
TN:
SF:src\middleware\validate.ts
FN:4,validate
FN:5,(anonymous_1)
FNF:2
FNH:2
FNDA:33,validate
FNDA:12,(anonymous_1)
DA:4,2
DA:5,33
DA:6,12
DA:7,12
DA:8,7
DA:9,7
DA:11,5
DA:12,5
LF:8
LH:8
BRDA:7,0,0,7
BRF:1
BRH:1
end_of_record
TN:
SF:src\routes\games.ts
FN:8,createGamesRouter
FN:12,(anonymous_1)
FN:16,(anonymous_2)
FN:18,(anonymous_3)
FN:22,(anonymous_4)
FN:24,(anonymous_5)
FNF:6
FNH:6
FNDA:13,createGamesRouter
FNDA:2,(anonymous_1)
FNDA:1,(anonymous_2)
FNDA:2,(anonymous_3)
FNDA:2,(anonymous_4)
FNDA:2,(anonymous_5)
DA:1,1
DA:3,1
DA:4,1
DA:5,1
DA:6,1
DA:8,1
DA:9,13
DA:10,13
DA:12,13
DA:13,13
DA:16,1
DA:18,13
DA:19,13
DA:22,2
DA:24,13
DA:26,13
LF:16
LH:16
BRF:0
BRH:0
end_of_record
TN:
SF:src\routes\health.ts
FN:6,createHealthRouter
FN:9,(anonymous_1)
FNF:2
FNH:2
FNDA:3,createHealthRouter
FNDA:3,(anonymous_1)
DA:1,1
DA:3,1
DA:4,1
DA:6,1
DA:7,3
DA:8,3
DA:9,3
DA:10,3
LF:8
LH:8
BRF:0
BRH:0
end_of_record
TN:
SF:src\routes\scores.ts
FN:8,createScoresRouter
FN:12,(anonymous_1)
FN:16,(anonymous_2)
FNF:3
FNH:3
FNDA:7,createScoresRouter
FNDA:2,(anonymous_1)
FNDA:2,(anonymous_2)
DA:1,1
DA:3,1
DA:4,1
DA:5,1
DA:6,1
DA:8,1
DA:9,7
DA:10,7
DA:12,7
DA:13,7
DA:16,2
DA:19,7
LF:12
LH:12
BRF:0
BRH:0
end_of_record
TN:
SF:src\services\ScoreService.ts
FN:6,(anonymous_0)
FN:8,(anonymous_1)
FN:12,(anonymous_2)
FNF:3
FNH:2
FNDA:4,(anonymous_0)
FNDA:0,(anonymous_1)
FNDA:4,(anonymous_2)
DA:5,1
DA:6,4
DA:9,0
DA:13,4
DA:14,4
DA:15,2
DA:16,2
DA:18,2
LF:8
LH:7
BRDA:14,0,0,2
BRDA:14,1,0,4
BRDA:14,1,1,3
BRF:3
BRH:3
end_of_record
TN:
SF:src\validation\gameSchemas.ts
FNF:0
FNH:0
DA:1,1
DA:3,1
DA:11,1
DA:17,1
LF:4
LH:4
BRF:0
BRH:0
end_of_record
TN:
SF:src\validation\scoreSchemas.ts
FNF:0
FNH:0
DA:1,1
DA:3,1
LF:2
LH:2
BRF:0
BRH:0
end_of_record
